========================================================================================
Report      : INFO
Date        : Mon Mar 27 18:07:17 CDT 2017
Description : u_domainNew:Database allocated on heap
Node        : khanh-VirtualBox
Process     : SuperChat <19855>
Thread      : spliced 7fde75216700
Internals   : V6.4.140407OSS/3b83e82/3b83e82/user::u_domain::u_domainNew/u_domain.c/706/0/1490656037.212023972
========================================================================================
Report      : INFO
Date        : Mon Mar 27 18:07:17 CDT 2017
Description : ---------------------------------------------------------------
              -- The service is using the following configuration settings --
              ---------------------------------------------------------------
              Domain (id)          : ospl_sp_ddsi (0)
              Storage              : 10240 Kbytes
              Storage threshold    : 1024 Kbytes
              Storage address      : Not available
              Locking              : default
              Memory mode          : Heap memory
              Builtin topics       : true
              Priority inheritance : false
Node        : khanh-VirtualBox
Process     : SuperChat <19855>
Thread      : spliced 7fde75216700
Internals   : V6.4.140407OSS/3b83e82/3b83e82/The OpenSplice domain service/u_domain.c/827/0/1490656037.216298801
========================================================================================
Report      : INFO
Date        : Mon Mar 27 18:07:17 CDT 2017
Description : Service cmsoap disabled
Node        : khanh-VirtualBox
Process     : SuperChat <19855>
Thread      : spliced 7fde75216700
Internals   : V6.4.140407OSS/3b83e82/3b83e82/OpenSplice domain service/sr_componentInfo.c/439/0/1490656037.216611759
========================================================================================
Report      : INFO
Date        : Mon Mar 27 18:07:17 CDT 2017
Description : ++++++++++++++++++++++++++++++++++++++++++++++++
              ++ The service 'splicedaemon' is now operational. 
              ++++++++++++++++++++++++++++++++++++++++++++++++
Node        : khanh-VirtualBox
Process     : SuperChat <19855>
Thread      : spliced 7fde75216700
Internals   : V6.4.140407OSS/3b83e82/3b83e82/v_serviceChangeState/v_service.c/329/0/1490656037.217046437
========================================================================================
Report      : INFO
Date        : Mon Mar 27 18:07:17 CDT 2017
Description : ++++++++++++++++++++++++++++++++++++++++++++++++
              ++ The service 'ddsi2' is now operational. 
              ++++++++++++++++++++++++++++++++++++++++++++++++
Node        : khanh-VirtualBox
Process     : SuperChat <19855>
Thread      : ddsi2 7fde725dc700
Internals   : V6.4.140407OSS/3b83e82/3b83e82/v_serviceChangeState/v_service.c/329/0/1490656037.225585491
========================================================================================
Report      : INFO
Date        : Mon Mar 27 18:07:17 CDT 2017
Description : The durability service can by identified by ID: 546224992
Node        : khanh-VirtualBox
Process     : SuperChat <19855>
Thread      : durability 7fde7294e700
Internals   : V6.4.140407OSS/3b83e82/3b83e82/DurabilityService/d_durability.c/476/0/1490656037.846876836
========================================================================================
Report      : INFO
Date        : Mon Mar 27 18:38:10 CDT 2017
Description : u_domainNew:Database allocated on heap
Node        : khanh-VirtualBox
Process     : SuperChat <21076>
Thread      : spliced 7fcf44215700
Internals   : V6.4.140407OSS/3b83e82/3b83e82/user::u_domain::u_domainNew/u_domain.c/706/0/1490657890.818636937
========================================================================================
Report      : INFO
Date        : Mon Mar 27 18:38:10 CDT 2017
Description : ---------------------------------------------------------------
              -- The service is using the following configuration settings --
              ---------------------------------------------------------------
              Domain (id)          : ospl_sp_ddsi (0)
              Storage              : 10240 Kbytes
              Storage threshold    : 1024 Kbytes
              Storage address      : Not available
              Locking              : default
              Memory mode          : Heap memory
              Builtin topics       : true
              Priority inheritance : false
Node        : khanh-VirtualBox
Process     : SuperChat <21076>
Thread      : spliced 7fcf44215700
Internals   : V6.4.140407OSS/3b83e82/3b83e82/The OpenSplice domain service/u_domain.c/827/0/1490657890.823049609
========================================================================================
Report      : INFO
Date        : Mon Mar 27 18:38:10 CDT 2017
Description : Service cmsoap disabled
Node        : khanh-VirtualBox
Process     : SuperChat <21076>
Thread      : spliced 7fcf44215700
Internals   : V6.4.140407OSS/3b83e82/3b83e82/OpenSplice domain service/sr_componentInfo.c/439/0/1490657890.823280485
========================================================================================
Report      : INFO
Date        : Mon Mar 27 18:38:10 CDT 2017
Description : ++++++++++++++++++++++++++++++++++++++++++++++++
              ++ The service 'splicedaemon' is now operational. 
              ++++++++++++++++++++++++++++++++++++++++++++++++
Node        : khanh-VirtualBox
Process     : SuperChat <21076>
Thread      : spliced 7fcf44215700
Internals   : V6.4.140407OSS/3b83e82/3b83e82/v_serviceChangeState/v_service.c/329/0/1490657890.823893651
========================================================================================
Report      : INFO
Date        : Mon Mar 27 18:38:10 CDT 2017
Description : ++++++++++++++++++++++++++++++++++++++++++++++++
              ++ The service 'ddsi2' is now operational. 
              ++++++++++++++++++++++++++++++++++++++++++++++++
Node        : khanh-VirtualBox
Process     : SuperChat <21076>
Thread      : ddsi2 7fcf405d9700
Internals   : V6.4.140407OSS/3b83e82/3b83e82/v_serviceChangeState/v_service.c/329/0/1490657890.829835587
========================================================================================
Report      : INFO
Date        : Mon Mar 27 18:38:11 CDT 2017
Description : The durability service can by identified by ID: 1680153417
Node        : khanh-VirtualBox
Process     : SuperChat <21076>
Thread      : durability 7fcf4094b700
Internals   : V6.4.140407OSS/3b83e82/3b83e82/DurabilityService/d_durability.c/476/0/1490657891.241738390
========================================================================================
Report      : INFO
Date        : Mon Mar 27 18:39:02 CDT 2017
Description : u_domainNew:Database allocated on heap
Node        : khanh-VirtualBox
Process     : SuperChat <21175>
Thread      : spliced 7ffa847e2700
Internals   : V6.4.140407OSS/3b83e82/3b83e82/user::u_domain::u_domainNew/u_domain.c/706/0/1490657942.728847480
========================================================================================
Report      : INFO
Date        : Mon Mar 27 18:39:02 CDT 2017
Description : ---------------------------------------------------------------
              -- The service is using the following configuration settings --
              ---------------------------------------------------------------
              Domain (id)          : ospl_sp_ddsi (0)
              Storage              : 10240 Kbytes
              Storage threshold    : 1024 Kbytes
              Storage address      : Not available
              Locking              : default
              Memory mode          : Heap memory
              Builtin topics       : true
              Priority inheritance : false
Node        : khanh-VirtualBox
Process     : SuperChat <21175>
Thread      : spliced 7ffa847e2700
Internals   : V6.4.140407OSS/3b83e82/3b83e82/The OpenSplice domain service/u_domain.c/827/0/1490657942.732748156
========================================================================================
Report      : INFO
Date        : Mon Mar 27 18:39:02 CDT 2017
Description : Service cmsoap disabled
Node        : khanh-VirtualBox
Process     : SuperChat <21175>
Thread      : spliced 7ffa847e2700
Internals   : V6.4.140407OSS/3b83e82/3b83e82/OpenSplice domain service/sr_componentInfo.c/439/0/1490657942.733033353
========================================================================================
Report      : INFO
Date        : Mon Mar 27 18:39:02 CDT 2017
Description : ++++++++++++++++++++++++++++++++++++++++++++++++
              ++ The service 'splicedaemon' is now operational. 
              ++++++++++++++++++++++++++++++++++++++++++++++++
Node        : khanh-VirtualBox
Process     : SuperChat <21175>
Thread      : spliced 7ffa847e2700
Internals   : V6.4.140407OSS/3b83e82/3b83e82/v_serviceChangeState/v_service.c/329/0/1490657942.733493242
========================================================================================
Report      : INFO
Date        : Mon Mar 27 18:39:02 CDT 2017
Description : ++++++++++++++++++++++++++++++++++++++++++++++++
              ++ The service 'ddsi2' is now operational. 
              ++++++++++++++++++++++++++++++++++++++++++++++++
Node        : khanh-VirtualBox
Process     : SuperChat <21175>
Thread      : ddsi2 7ffa80fa7700
Internals   : V6.4.140407OSS/3b83e82/3b83e82/v_serviceChangeState/v_service.c/329/0/1490657942.739766192
========================================================================================
Report      : INFO
Date        : Mon Mar 27 18:39:03 CDT 2017
Description : The durability service can by identified by ID: 1033715866
Node        : khanh-VirtualBox
Process     : SuperChat <21175>
Thread      : durability 7ffa81319700
Internals   : V6.4.140407OSS/3b83e82/3b83e82/DurabilityService/d_durability.c/476/0/1490657943.351813330
========================================================================================
Report      : INFO
Date        : Mon Mar 27 18:39:05 CDT 2017
Description : Termination request (signal 2) received from PID 21175 (self), UID 1000
Node        : khanh-VirtualBox
Process     : SuperChat <21175>
Thread      : signalHandler 7ffa7bfff700
Internals   : V6.4.140407OSS/3b83e82/3b83e82/signalHandlerThread/os_signalHandler.c/503/0/1490657945.146972729
========================================================================================
Report      : INFO
Date        : Mon Mar 27 18:39:05 CDT 2017
Description : Termination request (signal 2) received from PID 21175 (self), UID 1000
Node        : khanh-VirtualBox
Process     : SuperChat <21175>
Thread      : signalHandler 7ffa7bfff700
Internals   : V6.4.140407OSS/3b83e82/3b83e82/signalHandlerThread/os_signalHandler.c/503/0/1490657945.763299207
========================================================================================
Report      : INFO
Date        : Mon Mar 27 18:39:10 CDT 2017
Description : ++++++++++++++++++++++++++++++++++++++++++++++++
              ++ The service 'durability' is now operational. 
              ++++++++++++++++++++++++++++++++++++++++++++++++
Node        : khanh-VirtualBox
Process     : SuperChat <21175>
Thread      : durability 7ffa81319700
Internals   : V6.4.140407OSS/3b83e82/3b83e82/v_serviceChangeState/v_service.c/329/0/1490657950.394618406
========================================================================================
Report      : INFO
Date        : Mon Mar 27 19:05:16 CDT 2017
Description : u_domainNew:Database allocated on heap
Node        : khanh-VirtualBox
Process     : SuperChat <22943>
Thread      : spliced 7fd4613f3700
Internals   : V6.4.140407OSS/3b83e82/3b83e82/user::u_domain::u_domainNew/u_domain.c/706/0/1490659516.063823178
========================================================================================
Report      : INFO
Date        : Mon Mar 27 19:05:16 CDT 2017
Description : ---------------------------------------------------------------
              -- The service is using the following configuration settings --
              ---------------------------------------------------------------
              Domain (id)          : ospl_sp_ddsi (0)
              Storage              : 10240 Kbytes
              Storage threshold    : 1024 Kbytes
              Storage address      : Not available
              Locking              : default
              Memory mode          : Heap memory
              Builtin topics       : true
              Priority inheritance : false
Node        : khanh-VirtualBox
Process     : SuperChat <22943>
Thread      : spliced 7fd4613f3700
Internals   : V6.4.140407OSS/3b83e82/3b83e82/The OpenSplice domain service/u_domain.c/827/0/1490659516.067528809
========================================================================================
Report      : INFO
Date        : Mon Mar 27 19:05:16 CDT 2017
Description : Service cmsoap disabled
Node        : khanh-VirtualBox
Process     : SuperChat <22943>
Thread      : spliced 7fd4613f3700
Internals   : V6.4.140407OSS/3b83e82/3b83e82/OpenSplice domain service/sr_componentInfo.c/439/0/1490659516.067676820
========================================================================================
Report      : INFO
Date        : Mon Mar 27 19:05:16 CDT 2017
Description : ++++++++++++++++++++++++++++++++++++++++++++++++
              ++ The service 'splicedaemon' is now operational. 
              ++++++++++++++++++++++++++++++++++++++++++++++++
Node        : khanh-VirtualBox
Process     : SuperChat <22943>
Thread      : spliced 7fd4613f3700
Internals   : V6.4.140407OSS/3b83e82/3b83e82/v_serviceChangeState/v_service.c/329/0/1490659516.068249883
========================================================================================
Report      : INFO
Date        : Mon Mar 27 19:05:16 CDT 2017
Description : ++++++++++++++++++++++++++++++++++++++++++++++++
              ++ The service 'ddsi2' is now operational. 
              ++++++++++++++++++++++++++++++++++++++++++++++++
Node        : khanh-VirtualBox
Process     : SuperChat <22943>
Thread      : ddsi2 7fd45dbb8700
Internals   : V6.4.140407OSS/3b83e82/3b83e82/v_serviceChangeState/v_service.c/329/0/1490659516.075904921
========================================================================================
Report      : INFO
Date        : Mon Mar 27 19:05:16 CDT 2017
Description : The durability service can by identified by ID: 2078929149
Node        : khanh-VirtualBox
Process     : SuperChat <22943>
Thread      : durability 7fd45df2a700
Internals   : V6.4.140407OSS/3b83e82/3b83e82/DurabilityService/d_durability.c/476/0/1490659516.687250031
========================================================================================
Report      : INFO
Date        : Mon Mar 27 19:05:18 CDT 2017
Description : Termination request (signal 2) received from PID 22943 (self), UID 1000
Node        : khanh-VirtualBox
Process     : SuperChat <22943>
Thread      : signalHandler 7fd456415700
Internals   : V6.4.140407OSS/3b83e82/3b83e82/signalHandlerThread/os_signalHandler.c/503/0/1490659518.868270773
========================================================================================
Report      : INFO
Date        : Mon Mar 27 19:05:19 CDT 2017
Description : Exception (signal 11) occurred in process
Node        : khanh-VirtualBox
Process     : SuperChat <22943>
Thread      : signalHandler 7fd456415700
Internals   : V6.4.140407OSS/3b83e82/3b83e82/signalHandlerThread/os_signalHandler.c/447/0/1490659519.690530436
========================================================================================
Report      : WARNING
Date        : Mon Mar 27 19:05:29 CDT 2017
Description : Missed heartbeat for node - heartbeat id : 2078929149. (DCPSPublication state 1)
Node        : khanh-VirtualBox
Process     : SuperChat <21175>
Thread      : OSPL Garbage Collector 7ffa815f8700
Internals   : V6.4.140407OSS/3b83e82/3b83e82/v_spliced/v_spliced.c/2439/0/1490659529.497843930
========================================================================================
Report      : WARNING
Date        : Mon Mar 27 19:44:18 CDT 2017
Description : Processing of lease 0x7ffa6c095750 is behind schedule; expiry-time=1490659643.529331515s and lag=2214.543949142s (actionId=1 and duration=10.000000000s). Assuming resuming after hibernate...
Node        : khanh-VirtualBox
Process     : SuperChat <21175>
Thread      : watchdog 7ffa80e03700
Internals   : V6.4.140407OSS/3b83e82/3b83e82/v_leaseManager/v_leaseManager.c/775/0/1490661858.073305535
========================================================================================
Report      : WARNING
Date        : Mon Mar 27 19:44:18 CDT 2017
Description : Processing of lease 0x7ffa44001990 is behind schedule; expiry-time=1490659642.851047111s and lag=2215.222569109s (actionId=1 and duration=10.000000000s). Assuming resuming after hibernate...
Node        : khanh-VirtualBox
Process     : SuperChat <21175>
Thread      : watchdog 7ffa847c3700
Internals   : V6.4.140407OSS/3b83e82/3b83e82/v_leaseManager/v_leaseManager.c/775/0/1490661858.073628415
========================================================================================
Report      : WARNING
Date        : Mon Mar 27 19:44:18 CDT 2017
Description : Processing of lease 0x7ffa50001b00 is behind schedule; expiry-time=1490659642.490682815s and lag=2215.582933405s (actionId=1 and duration=10.000000000s). Assuming resuming after hibernate...
Node        : khanh-VirtualBox
Process     : SuperChat <21175>
Thread      : watchdog 7ffa847c3700
Internals   : V6.4.140407OSS/3b83e82/3b83e82/v_leaseManager/v_leaseManager.c/775/0/1490661858.073650038
========================================================================================
Report      : WARNING
Date        : Mon Mar 27 19:44:18 CDT 2017
Description : Processing of lease 0x7ffa6c00b010 is behind schedule; expiry-time=1490659635.529369732s and lag=2222.544246488s (actionId=6 and duration=2.000000000s). This is often an indication that the machine is too busy. The lease manager will continue to function normally.
Node        : khanh-VirtualBox
Process     : SuperChat <21175>
Thread      : watchdog 7ffa847c3700
Internals   : V6.4.140407OSS/3b83e82/3b83e82/v_leaseManager/v_leaseManager.c/795/0/1490661858.073657788
========================================================================================
Report      : WARNING
Date        : Mon Mar 27 19:44:18 CDT 2017
Description : Processing of lease 0x7ffa6c00b080 is behind schedule; expiry-time=1490659635.529350922s and lag=2222.544265298s (actionId=5 and duration=2.000000000s). This is often an indication that the machine is too busy. The lease manager will continue to function normally.
Node        : khanh-VirtualBox
Process     : SuperChat <21175>
Thread      : watchdog 7ffa847c3700
Internals   : V6.4.140407OSS/3b83e82/3b83e82/v_leaseManager/v_leaseManager.c/795/0/1490661858.073664387
========================================================================================
Report      : INFO
Date        : Mon Mar 27 19:47:38 CDT 2017
Description : u_domainNew:Database allocated on heap
Node        : khanh-VirtualBox
Process     : SuperChat <23106>
Thread      : spliced 7fe2dc7b7700
Internals   : V6.4.140407OSS/3b83e82/3b83e82/user::u_domain::u_domainNew/u_domain.c/706/0/1490662058.737185738
========================================================================================
Report      : INFO
Date        : Mon Mar 27 19:47:38 CDT 2017
Description : ---------------------------------------------------------------
              -- The service is using the following configuration settings --
              ---------------------------------------------------------------
              Domain (id)          : ospl_sp_ddsi (0)
              Storage              : 10240 Kbytes
              Storage threshold    : 1024 Kbytes
              Storage address      : Not available
              Locking              : default
              Memory mode          : Heap memory
              Builtin topics       : true
              Priority inheritance : false
Node        : khanh-VirtualBox
Process     : SuperChat <23106>
Thread      : spliced 7fe2dc7b7700
Internals   : V6.4.140407OSS/3b83e82/3b83e82/The OpenSplice domain service/u_domain.c/827/0/1490662058.742404272
========================================================================================
Report      : INFO
Date        : Mon Mar 27 19:47:38 CDT 2017
Description : Service cmsoap disabled
Node        : khanh-VirtualBox
Process     : SuperChat <23106>
Thread      : spliced 7fe2dc7b7700
Internals   : V6.4.140407OSS/3b83e82/3b83e82/OpenSplice domain service/sr_componentInfo.c/439/0/1490662058.742627498
========================================================================================
Report      : INFO
Date        : Mon Mar 27 19:47:38 CDT 2017
Description : ++++++++++++++++++++++++++++++++++++++++++++++++
              ++ The service 'splicedaemon' is now operational. 
              ++++++++++++++++++++++++++++++++++++++++++++++++
Node        : khanh-VirtualBox
Process     : SuperChat <23106>
Thread      : spliced 7fe2dc7b7700
Internals   : V6.4.140407OSS/3b83e82/3b83e82/v_serviceChangeState/v_service.c/329/0/1490662058.743344204
========================================================================================
Report      : INFO
Date        : Mon Mar 27 19:47:38 CDT 2017
Description : ++++++++++++++++++++++++++++++++++++++++++++++++
              ++ The service 'ddsi2' is now operational. 
              ++++++++++++++++++++++++++++++++++++++++++++++++
Node        : khanh-VirtualBox
Process     : SuperChat <23106>
Thread      : ddsi2 7fe2d8f7c700
Internals   : V6.4.140407OSS/3b83e82/3b83e82/v_serviceChangeState/v_service.c/329/0/1490662058.747605093
========================================================================================
Report      : INFO
Date        : Mon Mar 27 19:47:39 CDT 2017
Description : The durability service can by identified by ID: 677506686
Node        : khanh-VirtualBox
Process     : SuperChat <23106>
Thread      : durability 7fe2d92ee700
Internals   : V6.4.140407OSS/3b83e82/3b83e82/DurabilityService/d_durability.c/476/0/1490662059.156102170
========================================================================================
Report      : INFO
Date        : Mon Mar 27 19:47:40 CDT 2017
Description : Termination request (signal 2) received from PID 23106 (self), UID 1000
Node        : khanh-VirtualBox
Process     : SuperChat <23106>
Thread      : signalHandler 7fe2d17d9700
Internals   : V6.4.140407OSS/3b83e82/3b83e82/signalHandlerThread/os_signalHandler.c/503/0/1490662060.283239484
========================================================================================
Report      : WARNING
Date        : Mon Mar 27 19:47:52 CDT 2017
Description : Missed heartbeat for node - heartbeat id : 677506686. (DCPSPublication state 1)
Node        : khanh-VirtualBox
Process     : SuperChat <21175>
Thread      : OSPL Garbage Collector 7ffa815f8700
Internals   : V6.4.140407OSS/3b83e82/3b83e82/v_spliced/v_spliced.c/2439/0/1490662072.136837361
========================================================================================
Report      : INFO
Date        : Mon Mar 27 19:49:36 CDT 2017
Description : u_domainNew:Database allocated on heap
Node        : khanh-VirtualBox
Process     : SuperChat <23258>
Thread      : spliced 7f3c3e270700
Internals   : V6.4.140407OSS/3b83e82/3b83e82/user::u_domain::u_domainNew/u_domain.c/706/0/1490662176.059298734
========================================================================================
Report      : INFO
Date        : Mon Mar 27 19:49:36 CDT 2017
Description : ---------------------------------------------------------------
              -- The service is using the following configuration settings --
              ---------------------------------------------------------------
              Domain (id)          : ospl_sp_ddsi (0)
              Storage              : 10240 Kbytes
              Storage threshold    : 1024 Kbytes
              Storage address      : Not available
              Locking              : default
              Memory mode          : Heap memory
              Builtin topics       : true
              Priority inheritance : false
Node        : khanh-VirtualBox
Process     : SuperChat <23258>
Thread      : spliced 7f3c3e270700
Internals   : V6.4.140407OSS/3b83e82/3b83e82/The OpenSplice domain service/u_domain.c/827/0/1490662176.063468412
========================================================================================
Report      : INFO
Date        : Mon Mar 27 19:49:36 CDT 2017
Description : Service cmsoap disabled
Node        : khanh-VirtualBox
Process     : SuperChat <23258>
Thread      : spliced 7f3c3e270700
Internals   : V6.4.140407OSS/3b83e82/3b83e82/OpenSplice domain service/sr_componentInfo.c/439/0/1490662176.063602489
========================================================================================
Report      : INFO
Date        : Mon Mar 27 19:49:36 CDT 2017
Description : ++++++++++++++++++++++++++++++++++++++++++++++++
              ++ The service 'splicedaemon' is now operational. 
              ++++++++++++++++++++++++++++++++++++++++++++++++
Node        : khanh-VirtualBox
Process     : SuperChat <23258>
Thread      : spliced 7f3c3e270700
Internals   : V6.4.140407OSS/3b83e82/3b83e82/v_serviceChangeState/v_service.c/329/0/1490662176.064199762
========================================================================================
Report      : INFO
Date        : Mon Mar 27 19:49:36 CDT 2017
Description : ++++++++++++++++++++++++++++++++++++++++++++++++
              ++ The service 'ddsi2' is now operational. 
              ++++++++++++++++++++++++++++++++++++++++++++++++
Node        : khanh-VirtualBox
Process     : SuperChat <23258>
Thread      : ddsi2 7f3c3aa35700
Internals   : V6.4.140407OSS/3b83e82/3b83e82/v_serviceChangeState/v_service.c/329/0/1490662176.072051388
========================================================================================
Report      : INFO
Date        : Mon Mar 27 19:49:36 CDT 2017
Description : The durability service can by identified by ID: 834890457
Node        : khanh-VirtualBox
Process     : SuperChat <23258>
Thread      : durability 7f3c3ada7700
Internals   : V6.4.140407OSS/3b83e82/3b83e82/DurabilityService/d_durability.c/476/0/1490662176.376940498
========================================================================================
Report      : INFO
Date        : Mon Mar 27 19:49:37 CDT 2017
Description : Termination request (signal 2) received from PID 23258 (self), UID 1000
Node        : khanh-VirtualBox
Process     : SuperChat <23258>
Thread      : signalHandler 7f3c33292700
Internals   : V6.4.140407OSS/3b83e82/3b83e82/signalHandlerThread/os_signalHandler.c/503/0/1490662177.830896288
========================================================================================
Report      : INFO
Date        : Mon Mar 27 19:49:38 CDT 2017
Description : Exception (signal 11) occurred in process
Node        : khanh-VirtualBox
Process     : SuperChat <23258>
Thread      : signalHandler 7f3c33292700
Internals   : V6.4.140407OSS/3b83e82/3b83e82/signalHandlerThread/os_signalHandler.c/447/0/1490662178.577413729
========================================================================================
Report      : WARNING
Date        : Mon Mar 27 19:49:48 CDT 2017
Description : Missed heartbeat for node - heartbeat id : 834890457. (DCPSPublication state 1)
Node        : khanh-VirtualBox
Process     : SuperChat <21175>
Thread      : OSPL Garbage Collector 7ffa815f8700
Internals   : V6.4.140407OSS/3b83e82/3b83e82/v_spliced/v_spliced.c/2439/0/1490662188.186819113
========================================================================================
Report      : INFO
Date        : Mon Mar 27 19:53:06 CDT 2017
Description : u_domainNew:Database allocated on heap
Node        : khanh-VirtualBox
Process     : SuperChat <23488>
Thread      : spliced 7f9b83c69700
Internals   : V6.4.140407OSS/3b83e82/3b83e82/user::u_domain::u_domainNew/u_domain.c/706/0/1490662386.285772494
========================================================================================
Report      : INFO
Date        : Mon Mar 27 19:53:06 CDT 2017
Description : ---------------------------------------------------------------
              -- The service is using the following configuration settings --
              ---------------------------------------------------------------
              Domain (id)          : ospl_sp_ddsi (0)
              Storage              : 10240 Kbytes
              Storage threshold    : 1024 Kbytes
              Storage address      : Not available
              Locking              : default
              Memory mode          : Heap memory
              Builtin topics       : true
              Priority inheritance : false
Node        : khanh-VirtualBox
Process     : SuperChat <23488>
Thread      : spliced 7f9b83c69700
Internals   : V6.4.140407OSS/3b83e82/3b83e82/The OpenSplice domain service/u_domain.c/827/0/1490662386.289847168
========================================================================================
Report      : INFO
Date        : Mon Mar 27 19:53:06 CDT 2017
Description : Service cmsoap disabled
Node        : khanh-VirtualBox
Process     : SuperChat <23488>
Thread      : spliced 7f9b83c69700
Internals   : V6.4.140407OSS/3b83e82/3b83e82/OpenSplice domain service/sr_componentInfo.c/439/0/1490662386.290090261
========================================================================================
Report      : INFO
Date        : Mon Mar 27 19:53:06 CDT 2017
Description : ++++++++++++++++++++++++++++++++++++++++++++++++
              ++ The service 'splicedaemon' is now operational. 
              ++++++++++++++++++++++++++++++++++++++++++++++++
Node        : khanh-VirtualBox
Process     : SuperChat <23488>
Thread      : spliced 7f9b83c69700
Internals   : V6.4.140407OSS/3b83e82/3b83e82/v_serviceChangeState/v_service.c/329/0/1490662386.290682319
========================================================================================
Report      : INFO
Date        : Mon Mar 27 19:53:06 CDT 2017
Description : ++++++++++++++++++++++++++++++++++++++++++++++++
              ++ The service 'ddsi2' is now operational. 
              ++++++++++++++++++++++++++++++++++++++++++++++++
Node        : khanh-VirtualBox
Process     : SuperChat <23488>
Thread      : ddsi2 7f9b53fff700
Internals   : V6.4.140407OSS/3b83e82/3b83e82/v_serviceChangeState/v_service.c/329/0/1490662386.298895874
========================================================================================
Report      : INFO
Date        : Mon Mar 27 19:53:06 CDT 2017
Description : The durability service can by identified by ID: 1555407043
Node        : khanh-VirtualBox
Process     : SuperChat <23488>
Thread      : durability 7f9b8039f700
Internals   : V6.4.140407OSS/3b83e82/3b83e82/DurabilityService/d_durability.c/476/0/1490662386.706292593
========================================================================================
Report      : WARNING
Date        : Mon Mar 27 19:53:18 CDT 2017
Description : Missed heartbeat for node - heartbeat id : 1555407043. (DCPSPublication state 1)
Node        : khanh-VirtualBox
Process     : SuperChat <21175>
Thread      : OSPL Garbage Collector 7ffa815f8700
Internals   : V6.4.140407OSS/3b83e82/3b83e82/v_spliced/v_spliced.c/2439/0/1490662398.239235455
========================================================================================
Report      : INFO
Date        : Mon Mar 27 19:53:21 CDT 2017
Description : u_domainNew:Database allocated on heap
Node        : khanh-VirtualBox
Process     : SuperChat <23551>
Thread      : spliced 7f8f46ade700
Internals   : V6.4.140407OSS/3b83e82/3b83e82/user::u_domain::u_domainNew/u_domain.c/706/0/1490662401.363215769
========================================================================================
Report      : INFO
Date        : Mon Mar 27 19:53:21 CDT 2017
Description : ---------------------------------------------------------------
              -- The service is using the following configuration settings --
              ---------------------------------------------------------------
              Domain (id)          : ospl_sp_ddsi (0)
              Storage              : 10240 Kbytes
              Storage threshold    : 1024 Kbytes
              Storage address      : Not available
              Locking              : default
              Memory mode          : Heap memory
              Builtin topics       : true
              Priority inheritance : false
Node        : khanh-VirtualBox
Process     : SuperChat <23551>
Thread      : spliced 7f8f46ade700
Internals   : V6.4.140407OSS/3b83e82/3b83e82/The OpenSplice domain service/u_domain.c/827/0/1490662401.367305335
========================================================================================
Report      : INFO
Date        : Mon Mar 27 19:53:21 CDT 2017
Description : Service cmsoap disabled
Node        : khanh-VirtualBox
Process     : SuperChat <23551>
Thread      : spliced 7f8f46ade700
Internals   : V6.4.140407OSS/3b83e82/3b83e82/OpenSplice domain service/sr_componentInfo.c/439/0/1490662401.367603515
========================================================================================
Report      : INFO
Date        : Mon Mar 27 19:53:21 CDT 2017
Description : ++++++++++++++++++++++++++++++++++++++++++++++++
              ++ The service 'splicedaemon' is now operational. 
              ++++++++++++++++++++++++++++++++++++++++++++++++
Node        : khanh-VirtualBox
Process     : SuperChat <23551>
Thread      : spliced 7f8f46ade700
Internals   : V6.4.140407OSS/3b83e82/3b83e82/v_serviceChangeState/v_service.c/329/0/1490662401.368176362
========================================================================================
Report      : INFO
Date        : Mon Mar 27 19:53:21 CDT 2017
Description : ++++++++++++++++++++++++++++++++++++++++++++++++
              ++ The service 'ddsi2' is now operational. 
              ++++++++++++++++++++++++++++++++++++++++++++++++
Node        : khanh-VirtualBox
Process     : SuperChat <23551>
Thread      : ddsi2 7f8f432a3700
Internals   : V6.4.140407OSS/3b83e82/3b83e82/v_serviceChangeState/v_service.c/329/0/1490662401.374647649
========================================================================================
Report      : INFO
Date        : Mon Mar 27 19:53:21 CDT 2017
Description : The durability service can by identified by ID: 1200047529
Node        : khanh-VirtualBox
Process     : SuperChat <23551>
Thread      : durability 7f8f43615700
Internals   : V6.4.140407OSS/3b83e82/3b83e82/DurabilityService/d_durability.c/476/0/1490662401.482696129
========================================================================================
Report      : WARNING
Date        : Mon Mar 27 19:53:32 CDT 2017
Description : Missed heartbeat for node - heartbeat id : 1200047529. (DCPSPublication state 1)
Node        : khanh-VirtualBox
Process     : SuperChat <21175>
Thread      : OSPL Garbage Collector 7ffa815f8700
Internals   : V6.4.140407OSS/3b83e82/3b83e82/v_spliced/v_spliced.c/2439/0/1490662412.278117585
========================================================================================
Report      : INFO
Date        : Mon Mar 27 19:54:03 CDT 2017
Description : u_domainNew:Database allocated on heap
Node        : khanh-VirtualBox
Process     : SuperChat <23651>
Thread      : spliced 7f9302641700
Internals   : V6.4.140407OSS/3b83e82/3b83e82/user::u_domain::u_domainNew/u_domain.c/706/0/1490662443.044854767
========================================================================================
Report      : INFO
Date        : Mon Mar 27 19:54:03 CDT 2017
Description : ---------------------------------------------------------------
              -- The service is using the following configuration settings --
              ---------------------------------------------------------------
              Domain (id)          : ospl_sp_ddsi (0)
              Storage              : 10240 Kbytes
              Storage threshold    : 1024 Kbytes
              Storage address      : Not available
              Locking              : default
              Memory mode          : Heap memory
              Builtin topics       : true
              Priority inheritance : false
Node        : khanh-VirtualBox
Process     : SuperChat <23651>
Thread      : spliced 7f9302641700
Internals   : V6.4.140407OSS/3b83e82/3b83e82/The OpenSplice domain service/u_domain.c/827/0/1490662443.049038857
========================================================================================
Report      : INFO
Date        : Mon Mar 27 19:54:03 CDT 2017
Description : Service cmsoap disabled
Node        : khanh-VirtualBox
Process     : SuperChat <23651>
Thread      : spliced 7f9302641700
Internals   : V6.4.140407OSS/3b83e82/3b83e82/OpenSplice domain service/sr_componentInfo.c/439/0/1490662443.049302304
========================================================================================
Report      : INFO
Date        : Mon Mar 27 19:54:03 CDT 2017
Description : ++++++++++++++++++++++++++++++++++++++++++++++++
              ++ The service 'splicedaemon' is now operational. 
              ++++++++++++++++++++++++++++++++++++++++++++++++
Node        : khanh-VirtualBox
Process     : SuperChat <23651>
Thread      : spliced 7f9302641700
Internals   : V6.4.140407OSS/3b83e82/3b83e82/v_serviceChangeState/v_service.c/329/0/1490662443.050038604
========================================================================================
Report      : INFO
Date        : Mon Mar 27 19:54:03 CDT 2017
Description : ++++++++++++++++++++++++++++++++++++++++++++++++
              ++ The service 'ddsi2' is now operational. 
              ++++++++++++++++++++++++++++++++++++++++++++++++
Node        : khanh-VirtualBox
Process     : SuperChat <23651>
Thread      : ddsi2 7f92fea05700
Internals   : V6.4.140407OSS/3b83e82/3b83e82/v_serviceChangeState/v_service.c/329/0/1490662443.055827478
========================================================================================
Report      : INFO
Date        : Mon Mar 27 19:54:03 CDT 2017
Description : The durability service can by identified by ID: 1650016531
Node        : khanh-VirtualBox
Process     : SuperChat <23651>
Thread      : durability 7f92fed77700
Internals   : V6.4.140407OSS/3b83e82/3b83e82/DurabilityService/d_durability.c/476/0/1490662443.265034823
========================================================================================
Report      : INFO
Date        : Mon Mar 27 19:54:05 CDT 2017
Description : Termination request (signal 2) received from PID 23651 (self), UID 1000
Node        : khanh-VirtualBox
Process     : SuperChat <23651>
Thread      : signalHandler 7f92ff663700
Internals   : V6.4.140407OSS/3b83e82/3b83e82/signalHandlerThread/os_signalHandler.c/503/0/1490662445.109541826
========================================================================================
Report      : WARNING
Date        : Mon Mar 27 19:54:16 CDT 2017
Description : Missed heartbeat for node - heartbeat id : 1650016531. (DCPSPublication state 1)
Node        : khanh-VirtualBox
Process     : SuperChat <21175>
Thread      : OSPL Garbage Collector 7ffa815f8700
Internals   : V6.4.140407OSS/3b83e82/3b83e82/v_spliced/v_spliced.c/2439/0/1490662456.277287849
========================================================================================
Report      : INFO
Date        : Mon Mar 27 19:54:47 CDT 2017
Description : u_domainNew:Database allocated on heap
Node        : khanh-VirtualBox
Process     : SuperChat <23753>
Thread      : spliced 7f39c6ff1700
Internals   : V6.4.140407OSS/3b83e82/3b83e82/user::u_domain::u_domainNew/u_domain.c/706/0/1490662487.143418751
========================================================================================
Report      : INFO
Date        : Mon Mar 27 19:54:47 CDT 2017
Description : ---------------------------------------------------------------
              -- The service is using the following configuration settings --
              ---------------------------------------------------------------
              Domain (id)          : ospl_sp_ddsi (0)
              Storage              : 10240 Kbytes
              Storage threshold    : 1024 Kbytes
              Storage address      : Not available
              Locking              : default
              Memory mode          : Heap memory
              Builtin topics       : true
              Priority inheritance : false
Node        : khanh-VirtualBox
Process     : SuperChat <23753>
Thread      : spliced 7f39c6ff1700
Internals   : V6.4.140407OSS/3b83e82/3b83e82/The OpenSplice domain service/u_domain.c/827/0/1490662487.147942823
========================================================================================
Report      : INFO
Date        : Mon Mar 27 19:54:47 CDT 2017
Description : Service cmsoap disabled
Node        : khanh-VirtualBox
Process     : SuperChat <23753>
Thread      : spliced 7f39c6ff1700
Internals   : V6.4.140407OSS/3b83e82/3b83e82/OpenSplice domain service/sr_componentInfo.c/439/0/1490662487.148096904
========================================================================================
Report      : INFO
Date        : Mon Mar 27 19:54:47 CDT 2017
Description : ++++++++++++++++++++++++++++++++++++++++++++++++
              ++ The service 'splicedaemon' is now operational. 
              ++++++++++++++++++++++++++++++++++++++++++++++++
Node        : khanh-VirtualBox
Process     : SuperChat <23753>
Thread      : spliced 7f39c6ff1700
Internals   : V6.4.140407OSS/3b83e82/3b83e82/v_serviceChangeState/v_service.c/329/0/1490662487.148569014
========================================================================================
Report      : INFO
Date        : Mon Mar 27 19:54:47 CDT 2017
Description : ++++++++++++++++++++++++++++++++++++++++++++++++
              ++ The service 'ddsi2' is now operational. 
              ++++++++++++++++++++++++++++++++++++++++++++++++
Node        : khanh-VirtualBox
Process     : SuperChat <23753>
Thread      : ddsi2 7f39bf3a1700
Internals   : V6.4.140407OSS/3b83e82/3b83e82/v_serviceChangeState/v_service.c/329/0/1490662487.156086652
========================================================================================
Report      : INFO
Date        : Mon Mar 27 19:54:47 CDT 2017
Description : The durability service can by identified by ID: 1523300180
Node        : khanh-VirtualBox
Process     : SuperChat <23753>
Thread      : durability 7f39bf713700
Internals   : V6.4.140407OSS/3b83e82/3b83e82/DurabilityService/d_durability.c/476/0/1490662487.461854732
========================================================================================
Report      : INFO
Date        : Mon Mar 27 19:54:51 CDT 2017
Description : Termination request (signal 2) received from PID 23753 (self), UID 1000
Node        : khanh-VirtualBox
Process     : SuperChat <23753>
Thread      : signalHandler 7f39bffff700
Internals   : V6.4.140407OSS/3b83e82/3b83e82/signalHandlerThread/os_signalHandler.c/503/0/1490662491.617610076
========================================================================================
Report      : WARNING
Date        : Mon Mar 27 19:55:04 CDT 2017
Description : Missed heartbeat for node - heartbeat id : 1523300180. (DCPSPublication state 1)
Node        : khanh-VirtualBox
Process     : SuperChat <21175>
Thread      : OSPL Garbage Collector 7ffa815f8700
Internals   : V6.4.140407OSS/3b83e82/3b83e82/v_spliced/v_spliced.c/2439/0/1490662504.298276160
========================================================================================
Report      : INFO
Date        : Mon Mar 27 20:00:54 CDT 2017
Description : u_domainNew:Database allocated on heap
Node        : khanh-VirtualBox
Process     : SuperChat <23944>
Thread      : spliced 7f1a263ea700
Internals   : V6.4.140407OSS/3b83e82/3b83e82/user::u_domain::u_domainNew/u_domain.c/706/0/1490662854.395116164
========================================================================================
Report      : INFO
Date        : Mon Mar 27 20:00:54 CDT 2017
Description : ---------------------------------------------------------------
              -- The service is using the following configuration settings --
              ---------------------------------------------------------------
              Domain (id)          : ospl_sp_ddsi (0)
              Storage              : 10240 Kbytes
              Storage threshold    : 1024 Kbytes
              Storage address      : Not available
              Locking              : default
              Memory mode          : Heap memory
              Builtin topics       : true
              Priority inheritance : false
Node        : khanh-VirtualBox
Process     : SuperChat <23944>
Thread      : spliced 7f1a263ea700
Internals   : V6.4.140407OSS/3b83e82/3b83e82/The OpenSplice domain service/u_domain.c/827/0/1490662854.400908646
========================================================================================
Report      : INFO
Date        : Mon Mar 27 20:00:54 CDT 2017
Description : Service cmsoap disabled
Node        : khanh-VirtualBox
Process     : SuperChat <23944>
Thread      : spliced 7f1a263ea700
Internals   : V6.4.140407OSS/3b83e82/3b83e82/OpenSplice domain service/sr_componentInfo.c/439/0/1490662854.401074876
========================================================================================
Report      : INFO
Date        : Mon Mar 27 20:00:54 CDT 2017
Description : ++++++++++++++++++++++++++++++++++++++++++++++++
              ++ The service 'splicedaemon' is now operational. 
              ++++++++++++++++++++++++++++++++++++++++++++++++
Node        : khanh-VirtualBox
Process     : SuperChat <23944>
Thread      : spliced 7f1a263ea700
Internals   : V6.4.140407OSS/3b83e82/3b83e82/v_serviceChangeState/v_service.c/329/0/1490662854.403725454
========================================================================================
Report      : INFO
Date        : Mon Mar 27 20:00:54 CDT 2017
Description : ++++++++++++++++++++++++++++++++++++++++++++++++
              ++ The service 'ddsi2' is now operational. 
              ++++++++++++++++++++++++++++++++++++++++++++++++
Node        : khanh-VirtualBox
Process     : SuperChat <23944>
Thread      : ddsi2 7f1a227ae700
Internals   : V6.4.140407OSS/3b83e82/3b83e82/v_serviceChangeState/v_service.c/329/0/1490662854.409416686
========================================================================================
Report      : INFO
Date        : Mon Mar 27 20:00:54 CDT 2017
Description : The durability service can by identified by ID: 94588256
Node        : khanh-VirtualBox
Process     : SuperChat <23944>
Thread      : durability 7f1a22b20700
Internals   : V6.4.140407OSS/3b83e82/3b83e82/DurabilityService/d_durability.c/476/0/1490662854.821869866
========================================================================================
Report      : INFO
Date        : Mon Mar 27 20:00:57 CDT 2017
Description : Termination request (signal 2) received from PID 23944 (self), UID 1000
Node        : khanh-VirtualBox
Process     : SuperChat <23944>
Thread      : signalHandler 7f1a2340c700
Internals   : V6.4.140407OSS/3b83e82/3b83e82/signalHandlerThread/os_signalHandler.c/503/0/1490662857.666184082
========================================================================================
Report      : INFO
Date        : Mon Mar 27 20:00:58 CDT 2017
Description : Termination request (signal 2) received from PID 23944 (self), UID 1000
Node        : khanh-VirtualBox
Process     : SuperChat <23944>
Thread      : signalHandler 7f1a2340c700
Internals   : V6.4.140407OSS/3b83e82/3b83e82/signalHandlerThread/os_signalHandler.c/503/0/1490662858.033775336
========================================================================================
Report      : INFO
Date        : Mon Mar 27 20:00:58 CDT 2017
Description : Termination request (signal 2) received from PID 23944 (self), UID 1000
Node        : khanh-VirtualBox
Process     : SuperChat <23944>
Thread      : signalHandler 7f1a2340c700
Internals   : V6.4.140407OSS/3b83e82/3b83e82/signalHandlerThread/os_signalHandler.c/503/0/1490662858.438303773
========================================================================================
Report      : INFO
Date        : Mon Mar 27 20:00:59 CDT 2017
Description : Termination request (signal 2) received from PID 23944 (self), UID 1000
Node        : khanh-VirtualBox
Process     : SuperChat <23944>
Thread      : signalHandler 7f1a2340c700
Internals   : V6.4.140407OSS/3b83e82/3b83e82/signalHandlerThread/os_signalHandler.c/503/0/1490662859.065582891
========================================================================================
Report      : WARNING
Date        : Mon Mar 27 20:01:10 CDT 2017
Description : Missed heartbeat for node - heartbeat id : 94588256. (DCPSPublication state 1)
Node        : khanh-VirtualBox
Process     : SuperChat <21175>
Thread      : OSPL Garbage Collector 7ffa815f8700
Internals   : V6.4.140407OSS/3b83e82/3b83e82/v_spliced/v_spliced.c/2439/0/1490662870.404801614
========================================================================================
Report      : INFO
Date        : Mon Mar 27 20:05:00 CDT 2017
Description : u_domainNew:Database allocated on heap
Node        : khanh-VirtualBox
Process     : SuperChat <24110>
Thread      : spliced 7f53d810d700
Internals   : V6.4.140407OSS/3b83e82/3b83e82/user::u_domain::u_domainNew/u_domain.c/706/0/1490663100.104492429
========================================================================================
Report      : INFO
Date        : Mon Mar 27 20:05:00 CDT 2017
Description : ---------------------------------------------------------------
              -- The service is using the following configuration settings --
              ---------------------------------------------------------------
              Domain (id)          : ospl_sp_ddsi (0)
              Storage              : 10240 Kbytes
              Storage threshold    : 1024 Kbytes
              Storage address      : Not available
              Locking              : default
              Memory mode          : Heap memory
              Builtin topics       : true
              Priority inheritance : false
Node        : khanh-VirtualBox
Process     : SuperChat <24110>
Thread      : spliced 7f53d810d700
Internals   : V6.4.140407OSS/3b83e82/3b83e82/The OpenSplice domain service/u_domain.c/827/0/1490663100.108572047
========================================================================================
Report      : INFO
Date        : Mon Mar 27 20:05:00 CDT 2017
Description : Service cmsoap disabled
Node        : khanh-VirtualBox
Process     : SuperChat <24110>
Thread      : spliced 7f53d810d700
Internals   : V6.4.140407OSS/3b83e82/3b83e82/OpenSplice domain service/sr_componentInfo.c/439/0/1490663100.108702141
========================================================================================
Report      : INFO
Date        : Mon Mar 27 20:05:00 CDT 2017
Description : ++++++++++++++++++++++++++++++++++++++++++++++++
              ++ The service 'splicedaemon' is now operational. 
              ++++++++++++++++++++++++++++++++++++++++++++++++
Node        : khanh-VirtualBox
Process     : SuperChat <24110>
Thread      : spliced 7f53d810d700
Internals   : V6.4.140407OSS/3b83e82/3b83e82/v_serviceChangeState/v_service.c/329/0/1490663100.111568371
========================================================================================
Report      : INFO
Date        : Mon Mar 27 20:05:00 CDT 2017
Description : ++++++++++++++++++++++++++++++++++++++++++++++++
              ++ The service 'ddsi2' is now operational. 
              ++++++++++++++++++++++++++++++++++++++++++++++++
Node        : khanh-VirtualBox
Process     : SuperChat <24110>
Thread      : ddsi2 7f53d44d1700
Internals   : V6.4.140407OSS/3b83e82/3b83e82/v_serviceChangeState/v_service.c/329/0/1490663100.148283970
========================================================================================
Report      : INFO
Date        : Mon Mar 27 20:05:00 CDT 2017
Description : The durability service can by identified by ID: 1775437647
Node        : khanh-VirtualBox
Process     : SuperChat <24110>
Thread      : durability 7f53d4843700
Internals   : V6.4.140407OSS/3b83e82/3b83e82/DurabilityService/d_durability.c/476/0/1490663100.554973811
========================================================================================
Report      : INFO
Date        : Mon Mar 27 20:05:04 CDT 2017
Description : Termination request (signal 2) received from PID 24110 (self), UID 1000
Node        : khanh-VirtualBox
Process     : SuperChat <24110>
Thread      : signalHandler 7f53d512f700
Internals   : V6.4.140407OSS/3b83e82/3b83e82/signalHandlerThread/os_signalHandler.c/503/0/1490663104.938477648
========================================================================================
Report      : WARNING
Date        : Mon Mar 27 20:05:14 CDT 2017
Description : Missed heartbeat for node - heartbeat id : 1775437647. (DCPSPublication state 1)
Node        : khanh-VirtualBox
Process     : SuperChat <21175>
Thread      : OSPL Garbage Collector 7ffa815f8700
Internals   : V6.4.140407OSS/3b83e82/3b83e82/v_spliced/v_spliced.c/2439/0/1490663114.484037171
========================================================================================
Report      : INFO
Date        : Mon Mar 27 20:11:56 CDT 2017
Description : u_domainNew:Database allocated on heap
Node        : khanh-VirtualBox
Process     : SuperChat <24475>
Thread      : spliced 7f40fd1a0700
Internals   : V6.4.140407OSS/3b83e82/3b83e82/user::u_domain::u_domainNew/u_domain.c/706/0/1490663516.991543578
========================================================================================
Report      : INFO
Date        : Mon Mar 27 20:11:56 CDT 2017
Description : ---------------------------------------------------------------
              -- The service is using the following configuration settings --
              ---------------------------------------------------------------
              Domain (id)          : ospl_sp_ddsi (0)
              Storage              : 10240 Kbytes
              Storage threshold    : 1024 Kbytes
              Storage address      : Not available
              Locking              : default
              Memory mode          : Heap memory
              Builtin topics       : true
              Priority inheritance : false
Node        : khanh-VirtualBox
Process     : SuperChat <24475>
Thread      : spliced 7f40fd1a0700
Internals   : V6.4.140407OSS/3b83e82/3b83e82/The OpenSplice domain service/u_domain.c/827/0/1490663516.994866980
========================================================================================
Report      : INFO
Date        : Mon Mar 27 20:11:56 CDT 2017
Description : Service cmsoap disabled
Node        : khanh-VirtualBox
Process     : SuperChat <24475>
Thread      : spliced 7f40fd1a0700
Internals   : V6.4.140407OSS/3b83e82/3b83e82/OpenSplice domain service/sr_componentInfo.c/439/0/1490663516.995157126
========================================================================================
Report      : INFO
Date        : Mon Mar 27 20:11:56 CDT 2017
Description : ++++++++++++++++++++++++++++++++++++++++++++++++
              ++ The service 'splicedaemon' is now operational. 
              ++++++++++++++++++++++++++++++++++++++++++++++++
Node        : khanh-VirtualBox
Process     : SuperChat <24475>
Thread      : spliced 7f40fd1a0700
Internals   : V6.4.140407OSS/3b83e82/3b83e82/v_serviceChangeState/v_service.c/329/0/1490663516.995571920
========================================================================================
Report      : INFO
Date        : Mon Mar 27 20:11:57 CDT 2017
Description : ++++++++++++++++++++++++++++++++++++++++++++++++
              ++ The service 'ddsi2' is now operational. 
              ++++++++++++++++++++++++++++++++++++++++++++++++
Node        : khanh-VirtualBox
Process     : SuperChat <24475>
Thread      : ddsi2 7f40f9564700
Internals   : V6.4.140407OSS/3b83e82/3b83e82/v_serviceChangeState/v_service.c/329/0/1490663517.000209008
========================================================================================
Report      : INFO
Date        : Mon Mar 27 20:11:57 CDT 2017
Description : The durability service can by identified by ID: 471915777
Node        : khanh-VirtualBox
Process     : SuperChat <24475>
Thread      : durability 7f40f98d6700
Internals   : V6.4.140407OSS/3b83e82/3b83e82/DurabilityService/d_durability.c/476/0/1490663517.209319128
========================================================================================
Report      : INFO
Date        : Mon Mar 27 20:12:02 CDT 2017
Description : Termination request (signal 2) received from PID 24475 (self), UID 1000
Node        : khanh-VirtualBox
Process     : SuperChat <24475>
Thread      : signalHandler 7f40fa1c2700
Internals   : V6.4.140407OSS/3b83e82/3b83e82/signalHandlerThread/os_signalHandler.c/503/0/1490663522.666134606
========================================================================================
Report      : INFO
Date        : Mon Mar 27 20:12:10 CDT 2017
Description : u_domainNew:Database allocated on heap
Node        : khanh-VirtualBox
Process     : SuperChat <24538>
Thread      : spliced 7f39a4dc5700
Internals   : V6.4.140407OSS/3b83e82/3b83e82/user::u_domain::u_domainNew/u_domain.c/706/0/1490663530.139210425
========================================================================================
Report      : INFO
Date        : Mon Mar 27 20:12:10 CDT 2017
Description : ---------------------------------------------------------------
              -- The service is using the following configuration settings --
              ---------------------------------------------------------------
              Domain (id)          : ospl_sp_ddsi (0)
              Storage              : 10240 Kbytes
              Storage threshold    : 1024 Kbytes
              Storage address      : Not available
              Locking              : default
              Memory mode          : Heap memory
              Builtin topics       : true
              Priority inheritance : false
Node        : khanh-VirtualBox
Process     : SuperChat <24538>
Thread      : spliced 7f39a4dc5700
Internals   : V6.4.140407OSS/3b83e82/3b83e82/The OpenSplice domain service/u_domain.c/827/0/1490663530.142940101
========================================================================================
Report      : INFO
Date        : Mon Mar 27 20:12:10 CDT 2017
Description : Service cmsoap disabled
Node        : khanh-VirtualBox
Process     : SuperChat <24538>
Thread      : spliced 7f39a4dc5700
Internals   : V6.4.140407OSS/3b83e82/3b83e82/OpenSplice domain service/sr_componentInfo.c/439/0/1490663530.143190676
========================================================================================
Report      : INFO
Date        : Mon Mar 27 20:12:10 CDT 2017
Description : ++++++++++++++++++++++++++++++++++++++++++++++++
              ++ The service 'splicedaemon' is now operational. 
              ++++++++++++++++++++++++++++++++++++++++++++++++
Node        : khanh-VirtualBox
Process     : SuperChat <24538>
Thread      : spliced 7f39a4dc5700
Internals   : V6.4.140407OSS/3b83e82/3b83e82/v_serviceChangeState/v_service.c/329/0/1490663530.143731396
========================================================================================
Report      : INFO
Date        : Mon Mar 27 20:12:10 CDT 2017
Description : ++++++++++++++++++++++++++++++++++++++++++++++++
              ++ The service 'ddsi2' is now operational. 
              ++++++++++++++++++++++++++++++++++++++++++++++++
Node        : khanh-VirtualBox
Process     : SuperChat <24538>
Thread      : ddsi2 7f39a1189700
Internals   : V6.4.140407OSS/3b83e82/3b83e82/v_serviceChangeState/v_service.c/329/0/1490663530.149844345
========================================================================================
Report      : INFO
Date        : Mon Mar 27 20:12:10 CDT 2017
Description : The durability service can by identified by ID: 1087822358
Node        : khanh-VirtualBox
Process     : SuperChat <24538>
Thread      : durability 7f39a14fb700
Internals   : V6.4.140407OSS/3b83e82/3b83e82/DurabilityService/d_durability.c/476/0/1490663530.661600265
========================================================================================
Report      : WARNING
Date        : Mon Mar 27 20:12:14 CDT 2017
Description : Missed heartbeat for node - heartbeat id : 471915777. (DCPSPublication state 1)
Node        : khanh-VirtualBox
Process     : SuperChat <21175>
Thread      : OSPL Garbage Collector 7ffa815f8700
Internals   : V6.4.140407OSS/3b83e82/3b83e82/v_spliced/v_spliced.c/2439/0/1490663534.612620633
========================================================================================
Report      : INFO
Date        : Mon Mar 27 20:12:14 CDT 2017
Description : Termination request (signal 2) received from PID 24538 (self), UID 1000
Node        : khanh-VirtualBox
Process     : SuperChat <24538>
Thread      : signalHandler 7f39a1de7700
Internals   : V6.4.140407OSS/3b83e82/3b83e82/signalHandlerThread/os_signalHandler.c/503/0/1490663534.673557836
========================================================================================
Report      : WARNING
Date        : Mon Mar 27 20:12:24 CDT 2017
Description : Missed heartbeat for node - heartbeat id : 1087822358. (DCPSPublication state 1)
Node        : khanh-VirtualBox
Process     : SuperChat <21175>
Thread      : OSPL Garbage Collector 7ffa815f8700
Internals   : V6.4.140407OSS/3b83e82/3b83e82/v_spliced/v_spliced.c/2439/0/1490663544.622672735
